10/07/2023 01:01:03 - ERROR - GLOBAL -   Unable to read configuration file
 'Credentials'
10/07/2023 01:01:03 - WARNING - GLOBAL -   Creating new config file
10/07/2023 01:01:56 - ERROR - GLOBAL -   Unable to read configuration file
 'Credentials'
10/07/2023 01:01:56 - WARNING - GLOBAL -   Creating new config file
10/07/2023 01:01:56 - INFO - werkzeug -   [31m[1mWARNING: This is a development server. Do not use it in a production deployment. Use a production WSGI server instead.[0m
 * Running on http://192.168.1.14:8000
10/07/2023 01:01:56 - INFO - werkzeug -   [33mPress CTRL+C to quit[0m
10/07/2023 01:01:56 - INFO - werkzeug -    * Restarting with stat
10/07/2023 01:01:57 - WARNING - werkzeug -    * Debugger is active!
10/07/2023 01:01:57 - INFO - werkzeug -    * Debugger PIN: 527-191-868
10/07/2023 01:04:16 - INFO - werkzeug -    * Detected change in 'c:\\Users\\Aaroegun\\Desktop\\NIU_centralised\\app\\configuration\\config.py', reloading
10/07/2023 01:04:16 - INFO - werkzeug -    * Restarting with stat
10/07/2023 01:04:16 - WARNING - werkzeug -    * Debugger is active!
10/07/2023 01:04:16 - INFO - werkzeug -    * Debugger PIN: 527-191-868
10/07/2023 01:07:46 - INFO - werkzeug -    * Detected change in 'c:\\Users\\Aaroegun\\Desktop\\NIU_centralised\\app\\controller\\main.py', reloading
10/07/2023 01:07:46 - INFO - werkzeug -    * Restarting with stat
10/07/2023 01:07:46 - WARNING - werkzeug -    * Debugger is active!
10/07/2023 01:07:46 - INFO - werkzeug -    * Debugger PIN: 527-191-868
