02/03/2024 15:53:17 - DEBUG - google.auth.transport.requests -   Making request: POST https://oauth2.googleapis.com/token
02/03/2024 15:53:17 - DEBUG - urllib3.connectionpool -   Starting new HTTPS connection (1): oauth2.googleapis.com:443
02/03/2024 15:53:17 - DEBUG - urllib3.connectionpool -   https://oauth2.googleapis.com:443 "POST /token HTTP/1.1" 400 None
02/03/2024 15:53:38 - DEBUG - requests_oauthlib.oauth2_session -   Generated new state LUXMPoLmXHL6bXTi7tKyc5kocG6HrT.
02/03/2024 15:53:45 - INFO - google_auth_oauthlib.flow -   "GET /?state=LUXMPoLmXHL6bXTi7tKyc5kocG6HrT&code=4/0AfJohXkzzUrAB4SbtAVAmf5MA8KI5PKijmYIeowjsy6qvYUvTQ-UaPmE5lhbxlUuat5sYA&scope=https://www.googleapis.com/auth/spreadsheets HTTP/1.1" 200 65
02/03/2024 15:53:45 - DEBUG - requests_oauthlib.oauth2_session -   Encoding `client_id` "887913046115-usuuepft1sevlfor1no78uq6vtk78n57.apps.googleusercontent.com" with `client_secret` as Basic auth credentials.
02/03/2024 15:53:45 - DEBUG - requests_oauthlib.oauth2_session -   Requesting url https://oauth2.googleapis.com/token using method POST.
02/03/2024 15:53:45 - DEBUG - requests_oauthlib.oauth2_session -   Supplying headers {'Accept': 'application/json', 'Content-Type': 'application/x-www-form-urlencoded;charset=UTF-8'} and data {'grant_type': 'authorization_code', 'code': '4/0AfJohXkzzUrAB4SbtAVAmf5MA8KI5PKijmYIeowjsy6qvYUvTQ-UaPmE5lhbxlUuat5sYA', 'redirect_uri': 'http://localhost:56640/'}
02/03/2024 15:53:45 - DEBUG - requests_oauthlib.oauth2_session -   Passing through key word arguments {'timeout': None, 'auth': <requests.auth.HTTPBasicAuth object at 0x00000256789465A0>, 'verify': True, 'proxies': None, 'cert': None}.
02/03/2024 15:53:45 - DEBUG - urllib3.connectionpool -   Starting new HTTPS connection (1): oauth2.googleapis.com:443
02/03/2024 15:53:45 - DEBUG - urllib3.connectionpool -   https://oauth2.googleapis.com:443 "POST /token HTTP/1.1" 200 None
02/03/2024 15:53:45 - DEBUG - requests_oauthlib.oauth2_session -   Request to fetch token completed with status 200.
02/03/2024 15:53:45 - DEBUG - requests_oauthlib.oauth2_session -   Request url was https://oauth2.googleapis.com/token
02/03/2024 15:53:45 - DEBUG - requests_oauthlib.oauth2_session -   Request headers were {'User-Agent': 'python-requests/2.31.0', 'Accept-Encoding': 'gzip, deflate', 'Accept': 'application/json', 'Connection': 'keep-alive', 'Content-Type': 'application/x-www-form-urlencoded;charset=UTF-8', 'Content-Length': '157', 'Authorization': 'Basic ODg3OTEzMDQ2MTE1LXVzdXVlcGZ0MXNldmxmb3Ixbm83OHVxNnZ0azc4bjU3LmFwcHMuZ29vZ2xldXNlcmNvbnRlbnQuY29tOkdPQ1NQWC16SDVqUXpJT1pSX25mTVI3WFVuUDJrd19QUkFo'}
02/03/2024 15:53:45 - DEBUG - requests_oauthlib.oauth2_session -   Request body was grant_type=authorization_code&code=4%2F0AfJohXkzzUrAB4SbtAVAmf5MA8KI5PKijmYIeowjsy6qvYUvTQ-UaPmE5lhbxlUuat5sYA&redirect_uri=http%3A%2F%2Flocalhost%3A56640%2F
02/03/2024 15:53:45 - DEBUG - requests_oauthlib.oauth2_session -   Response headers were {'Date': 'Sat, 03 Feb 2024 10:23:41 GMT', 'Pragma': 'no-cache', 'Cache-Control': 'no-cache, no-store, max-age=0, must-revalidate', 'Expires': 'Mon, 01 Jan 1990 00:00:00 GMT', 'Content-Type': 'application/json; charset=utf-8', 'Vary': 'Origin, X-Origin, Referer', 'Content-Encoding': 'gzip', 'Server': 'scaffolding on HTTPServer2', 'X-XSS-Protection': '0', 'X-Frame-Options': 'SAMEORIGIN', 'X-Content-Type-Options': 'nosniff', 'Alt-Svc': 'h3=":443"; ma=2592000,h3-29=":443"; ma=2592000', 'Transfer-Encoding': 'chunked'} and content {
  "access_token": "ya29.a0AfB_byD8kiiO1bzb9f1EfcOhcVpNh4Kzf12zv6zuONwCllLg3ACtcMmNSggNAf7sWh--rEigEYNptQTjvhvEWZlkyhRKdeMpwXiflhvsddgVRysFQgXE2X8NV6vcc-dsilcyQ1XXrH8VnENRqzRt0VSmDOBFGFqNbEB8aCgYKAe4SARMSFQHGX2Miv75x1oio0DszIvrhDCw4Xw0171",
  "expires_in": 3599,
  "refresh_token": "1//0gFz16fvXUF3_CgYIARAAGBASNwF-L9Irz2DW5C-TVc_8qHJV9pbEMJoWoqF8KmwokFt9hd1pWYZBigK1pApoLgwnARh3g-nRLEM",
  "scope": "https://www.googleapis.com/auth/spreadsheets",
  "token_type": "Bearer"
}.
02/03/2024 15:53:45 - DEBUG - requests_oauthlib.oauth2_session -   Invoking 0 token response hooks.
02/03/2024 15:53:45 - DEBUG - requests_oauthlib.oauth2_session -   Obtained token {'access_token': 'ya29.a0AfB_byD8kiiO1bzb9f1EfcOhcVpNh4Kzf12zv6zuONwCllLg3ACtcMmNSggNAf7sWh--rEigEYNptQTjvhvEWZlkyhRKdeMpwXiflhvsddgVRysFQgXE2X8NV6vcc-dsilcyQ1XXrH8VnENRqzRt0VSmDOBFGFqNbEB8aCgYKAe4SARMSFQHGX2Miv75x1oio0DszIvrhDCw4Xw0171', 'expires_in': 3599, 'refresh_token': '1//0gFz16fvXUF3_CgYIARAAGBASNwF-L9Irz2DW5C-TVc_8qHJV9pbEMJoWoqF8KmwokFt9hd1pWYZBigK1pApoLgwnARh3g-nRLEM', 'scope': ['https://www.googleapis.com/auth/spreadsheets'], 'token_type': 'Bearer', 'expires_at': 1706959424.6228466}.
02/03/2024 15:53:45 - INFO - googleapiclient.discovery_cache -   file_cache is only supported with oauth2client<4.0.0
02/03/2024 15:53:45 - INFO - werkzeug -   [31m[1mWARNING: This is a development server. Do not use it in a production deployment. Use a production WSGI server instead.[0m
 * Running on http://localhost:2000
02/03/2024 15:53:45 - INFO - werkzeug -   [33mPress CTRL+C to quit[0m
02/03/2024 15:53:45 - INFO - werkzeug -    * Restarting with stat
02/03/2024 15:53:48 - INFO - googleapiclient.discovery_cache -   file_cache is only supported with oauth2client<4.0.0
02/03/2024 15:53:48 - WARNING - werkzeug -    * Debugger is active!
02/03/2024 15:53:48 - INFO - werkzeug -    * Debugger PIN: 113-698-683
